<?xml version="1.0" encoding="UTF-8"?>
<!-- Generated by org.testng.reporters.JUnitXMLReporter -->
<testsuite ignored="3" hostname="DESKTOP-FETVBI7" failures="1" tests="1" name="Test" time="0.173" errors="0" timestamp="2025-04-12T16:50:42 IST">
  <testcase classname="task.TestngZomatoNavigation" name="launchZomato" time="0.0">
    <failure type="org.testng.TestNGException" message="
Parameter &amp;apos;browser&amp;apos; is required by @Test on method launchZomato but has not been marked @Optional or defined
in D:\javaspy\oops\Selenium\TaskGroupExecution.xml">
      <![CDATA[org.testng.TestNGException: 
Parameter 'browser' is required by @Test on method launchZomato but has not been marked @Optional or defined
in D:\javaspy\oops\Selenium\TaskGroupExecution.xml
at java.base/java.util.ArrayList.forEach(ArrayList.java:1597)
... Removed 26 stack frames]]>
    </failure>
  </testcase> <!-- launchZomato -->
  <testcase classname="task.TestngFBNavigation" name="launchFB" time="0.0">
    <ignored/>
  </testcase> <!-- launchFB -->
  <testcase classname="task.TestngSwiggyNavigation" name="launchSwiggy" time="0.0">
    <ignored/>
  </testcase> <!-- launchSwiggy -->
  <testcase classname="task.TestngFlipkartNavigation" name="launchFlipkart" time="0.0">
    <ignored/>
  </testcase> <!-- launchFlipkart -->
</testsuite> <!-- Test -->
